app/build/intermediates/manifest_merge_blame_file/debug/manifest-merger-blame-debug-report.txt
1<?xml version="1.0" encoding="utf-8"?>
2<manifest xmlns:android="http://schemas.android.com/apk/res/android"
3    package="com.komiut.conductor"
4    android:versionCode="1"
5    android:versionName="1.0" >
6
7    <uses-sdk
8        android:minSdkVersion="19"
8-->src/main/AndroidManifest.xml
9        android:targetSdkVersion="29" />
9-->src/main/AndroidManifest.xml
10
11    <!--
12         The ACCESS_COARSE/FINE_LOCATION permissions are not required to use
13         Google Maps Android API v2, but you must specify either coarse or fine
14         location permissions for the "MyLocation" functionality.
15    -->
16    <uses-permission android:name="android.permission.ACCESS_FINE_LOCATION" />
16-->src/main/AndroidManifest.xml:11:5-79
16-->src/main/AndroidManifest.xml:11:22-76
17    <uses-permission android:name="android.permission.INTERNET" />
17-->src/main/AndroidManifest.xml:12:5-67
17-->src/main/AndroidManifest.xml:12:22-64
18    <uses-permission android:name="android.permission.ACCESS_NETWORK_STATE" />
18-->src/main/AndroidManifest.xml:13:5-79
18-->src/main/AndroidManifest.xml:13:22-76
19    <uses-permission android:name="android.permission.READ_EXTERNAL_STORAGE" />
19-->src/main/AndroidManifest.xml:14:5-80
19-->src/main/AndroidManifest.xml:14:22-77
20    <uses-permission android:name="android.permission.WRITE_EXTERNAL_STORAGE" />
20-->src/main/AndroidManifest.xml:15:5-81
20-->src/main/AndroidManifest.xml:15:22-78
21    <uses-permission android:name="android.permission.READ_SMS" />
21-->src/main/AndroidManifest.xml:16:5-67
21-->src/main/AndroidManifest.xml:16:22-64
22    <uses-permission android:name="android.permission.ACCESS_COARSE_LOCATION" />
22-->src/main/AndroidManifest.xml:17:5-81
22-->src/main/AndroidManifest.xml:17:22-78
23    <uses-permission android:name="android.permission.RECEIVE_SMS" />
23-->src/main/AndroidManifest.xml:18:5-70
23-->src/main/AndroidManifest.xml:18:22-67
24    <uses-permission android:name="android.permission.WAKE_LOCK" />
24-->[androidx.work:work-runtime:2.4.0] AndroidManifest.xml:25:5-68
24-->[androidx.work:work-runtime:2.4.0] AndroidManifest.xml:25:22-65
25    <uses-permission android:name="android.permission.RECEIVE_BOOT_COMPLETED" />
25-->[androidx.work:work-runtime:2.4.0] AndroidManifest.xml:27:5-81
25-->[androidx.work:work-runtime:2.4.0] AndroidManifest.xml:27:22-78
26    <uses-permission android:name="android.permission.FOREGROUND_SERVICE" />
26-->[androidx.work:work-runtime:2.4.0] AndroidManifest.xml:28:5-77
26-->[androidx.work:work-runtime:2.4.0] AndroidManifest.xml:28:22-74
27
28    <uses-feature
28-->[com.google.android.gms:play-services-maps:17.0.0] AndroidManifest.xml:26:5-28:35
29        android:glEsVersion="0x00020000"
29-->[com.google.android.gms:play-services-maps:17.0.0] AndroidManifest.xml:27:9-41
30        android:required="true" />
30-->[com.google.android.gms:play-services-maps:17.0.0] AndroidManifest.xml:28:9-32
31
32    <uses-permission android:name="com.google.android.finsky.permission.BIND_GET_INSTALL_REFERRER_SERVICE" />
32-->[com.google.android.gms:play-services-measurement:17.6.0] AndroidManifest.xml:26:5-110
32-->[com.google.android.gms:play-services-measurement:17.6.0] AndroidManifest.xml:26:22-107
33
34    <application
34-->src/main/AndroidManifest.xml:20:5-64:19
35        android:name="androidx.multidex.MultiDexApplication"
36        android:allowBackup="false"
36-->src/main/AndroidManifest.xml:21:9-36
37        android:appComponentFactory="androidx.core.app.CoreComponentFactory"
37-->[androidx.core:core:1.3.1] AndroidManifest.xml:24:18-86
38        android:debuggable="true"
39        android:icon="@mipmap/ic_launcher"
39-->src/main/AndroidManifest.xml:22:9-43
40        android:label="@string/app_name"
40-->src/main/AndroidManifest.xml:23:9-41
41        android:roundIcon="@mipmap/ic_launcher_round"
41-->src/main/AndroidManifest.xml:24:9-54
42        android:supportsRtl="true"
42-->src/main/AndroidManifest.xml:25:9-35
43        android:testOnly="true"
44        android:theme="@style/AppTheme" >
44-->src/main/AndroidManifest.xml:26:9-40
45
46        <!--
47             The API key for Google Maps-based APIs is defined as a string resource.
48             (See the file "res/values/google_maps_api.xml").
49             Note that the API key is linked to the encryption key used to sign the APK.
50             You need a different API key for each encryption key, including the release key that is used to
51             sign the APK for publishing.
52             You can define the keys for the debug and release targets in src/debug/ and src/release/.
53        -->
54        <meta-data
54-->src/main/AndroidManifest.xml:37:9-39:55
55            android:name="com.google.android.geo.API_KEY"
55-->src/main/AndroidManifest.xml:38:13-58
56            android:value="@string/google_maps_key" />
56-->src/main/AndroidManifest.xml:39:13-52
57
58        <receiver android:name="com.komiut.conductor.IncomingSms" >
58-->src/main/AndroidManifest.xml:41:9-45:20
58-->src/main/AndroidManifest.xml:41:19-46
59            <intent-filter>
59-->src/main/AndroidManifest.xml:42:13-44:29
60                <action android:name="android.provider.Telephony.SMS_RECEIVED" />
60-->src/main/AndroidManifest.xml:43:17-82
60-->src/main/AndroidManifest.xml:43:25-79
61            </intent-filter>
62        </receiver>
63
64        <activity
64-->src/main/AndroidManifest.xml:47:9-56:20
65            android:name="com.komiut.conductor.ui.splash.SplashActivity"
65-->src/main/AndroidManifest.xml:48:13-53
66            android:label="@string/app_name"
66-->src/main/AndroidManifest.xml:49:13-45
67            android:theme="@style/AppTheme.NoActionBar" >
67-->src/main/AndroidManifest.xml:50:13-56
68            <intent-filter>
68-->src/main/AndroidManifest.xml:51:13-55:29
69                <action android:name="android.intent.action.MAIN" />
69-->src/main/AndroidManifest.xml:52:17-69
69-->src/main/AndroidManifest.xml:52:25-66
70
71                <category android:name="android.intent.category.LAUNCHER" />
71-->src/main/AndroidManifest.xml:54:17-77
71-->src/main/AndroidManifest.xml:54:27-74
72            </intent-filter>
73        </activity>
74        <activity
74-->src/main/AndroidManifest.xml:57:9-60:59
75            android:name="com.komiut.conductor.MainActivity"
75-->src/main/AndroidManifest.xml:58:13-41
76            android:label="@string/title_activity_main2"
76-->src/main/AndroidManifest.xml:59:13-57
77            android:theme="@style/AppTheme.NoActionBar" />
77-->src/main/AndroidManifest.xml:60:13-56
78        <activity
78-->src/main/AndroidManifest.xml:61:9-63:57
79            android:name="com.komiut.conductor.HomeActivity"
79-->src/main/AndroidManifest.xml:62:13-41
80            android:label="@string/app_name" />
80-->src/main/AndroidManifest.xml:63:13-45
81
82        <service
82-->[com.google.firebase:firebase-firestore:21.7.1] AndroidManifest.xml:17:9-23:19
83            android:name="com.google.firebase.components.ComponentDiscoveryService"
83-->[com.google.firebase:firebase-firestore:21.7.1] AndroidManifest.xml:18:13-84
84            android:directBootAware="true"
84-->[com.google.firebase:firebase-common:19.3.1] AndroidManifest.xml:35:13-43
85            android:exported="false" >
85-->[com.google.firebase:firebase-firestore:21.7.1] AndroidManifest.xml:19:13-37
86            <meta-data
86-->[com.google.firebase:firebase-firestore:21.7.1] AndroidManifest.xml:20:13-22:85
87                android:name="com.google.firebase.components:com.google.firebase.firestore.FirestoreRegistrar"
87-->[com.google.firebase:firebase-firestore:21.7.1] AndroidManifest.xml:21:17-111
88                android:value="com.google.firebase.components.ComponentRegistrar" />
88-->[com.google.firebase:firebase-firestore:21.7.1] AndroidManifest.xml:22:17-82
89            <meta-data
89-->[com.google.firebase:firebase-database:19.5.1] AndroidManifest.xml:32:13-34:85
90                android:name="com.google.firebase.components:com.google.firebase.database.DatabaseRegistrar"
90-->[com.google.firebase:firebase-database:19.5.1] AndroidManifest.xml:33:17-109
91                android:value="com.google.firebase.components.ComponentRegistrar" />
91-->[com.google.firebase:firebase-database:19.5.1] AndroidManifest.xml:34:17-82
92            <meta-data
92-->[com.google.android.gms:play-services-measurement-api:17.6.0] AndroidManifest.xml:30:13-32:85
93                android:name="com.google.firebase.components:com.google.firebase.analytics.connector.internal.AnalyticsConnectorRegistrar"
93-->[com.google.android.gms:play-services-measurement-api:17.6.0] AndroidManifest.xml:31:17-139
94                android:value="com.google.firebase.components.ComponentRegistrar" />
94-->[com.google.android.gms:play-services-measurement-api:17.6.0] AndroidManifest.xml:32:17-82
95            <meta-data
95-->[com.google.firebase:firebase-installations:16.3.2] AndroidManifest.xml:17:13-19:85
96                android:name="com.google.firebase.components:com.google.firebase.installations.FirebaseInstallationsRegistrar"
96-->[com.google.firebase:firebase-installations:16.3.2] AndroidManifest.xml:18:17-127
97                android:value="com.google.firebase.components.ComponentRegistrar" />
97-->[com.google.firebase:firebase-installations:16.3.2] AndroidManifest.xml:19:17-82
98        </service>
99
100        <provider
100-->[androidx.work:work-runtime:2.4.0] AndroidManifest.xml:31:9-37:35
101            android:name="androidx.work.impl.WorkManagerInitializer"
101-->[androidx.work:work-runtime:2.4.0] AndroidManifest.xml:32:13-69
102            android:authorities="com.komiut.conductor.workmanager-init"
102-->[androidx.work:work-runtime:2.4.0] AndroidManifest.xml:33:13-68
103            android:directBootAware="false"
103-->[androidx.work:work-runtime:2.4.0] AndroidManifest.xml:34:13-44
104            android:exported="false"
104-->[androidx.work:work-runtime:2.4.0] AndroidManifest.xml:35:13-37
105            android:multiprocess="true" />
105-->[androidx.work:work-runtime:2.4.0] AndroidManifest.xml:36:13-40
106
107        <service
107-->[androidx.work:work-runtime:2.4.0] AndroidManifest.xml:39:9-44:35
108            android:name="androidx.work.impl.background.systemalarm.SystemAlarmService"
108-->[androidx.work:work-runtime:2.4.0] AndroidManifest.xml:40:13-88
109            android:directBootAware="false"
109-->[androidx.work:work-runtime:2.4.0] AndroidManifest.xml:41:13-44
110            android:enabled="@bool/enable_system_alarm_service_default"
110-->[androidx.work:work-runtime:2.4.0] AndroidManifest.xml:42:13-72
111            android:exported="false" />
111-->[androidx.work:work-runtime:2.4.0] AndroidManifest.xml:43:13-37
112        <service
112-->[androidx.work:work-runtime:2.4.0] AndroidManifest.xml:45:9-51:35
113            android:name="androidx.work.impl.background.systemjob.SystemJobService"
113-->[androidx.work:work-runtime:2.4.0] AndroidManifest.xml:46:13-84
114            android:directBootAware="false"
114-->[androidx.work:work-runtime:2.4.0] AndroidManifest.xml:47:13-44
115            android:enabled="@bool/enable_system_job_service_default"
115-->[androidx.work:work-runtime:2.4.0] AndroidManifest.xml:48:13-70
116            android:exported="true"
116-->[androidx.work:work-runtime:2.4.0] AndroidManifest.xml:49:13-36
117            android:permission="android.permission.BIND_JOB_SERVICE" />
117-->[androidx.work:work-runtime:2.4.0] AndroidManifest.xml:50:13-69
118        <service
118-->[androidx.work:work-runtime:2.4.0] AndroidManifest.xml:52:9-57:35
119            android:name="androidx.work.impl.foreground.SystemForegroundService"
119-->[androidx.work:work-runtime:2.4.0] AndroidManifest.xml:53:13-81
120            android:directBootAware="false"
120-->[androidx.work:work-runtime:2.4.0] AndroidManifest.xml:54:13-44
121            android:enabled="@bool/enable_system_foreground_service_default"
121-->[androidx.work:work-runtime:2.4.0] AndroidManifest.xml:55:13-77
122            android:exported="false" />
122-->[androidx.work:work-runtime:2.4.0] AndroidManifest.xml:56:13-37
123
124        <receiver
124-->[androidx.work:work-runtime:2.4.0] AndroidManifest.xml:59:9-64:35
125            android:name="androidx.work.impl.utils.ForceStopRunnable$BroadcastReceiver"
125-->[androidx.work:work-runtime:2.4.0] AndroidManifest.xml:60:13-88
126            android:directBootAware="false"
126-->[androidx.work:work-runtime:2.4.0] AndroidManifest.xml:61:13-44
127            android:enabled="true"
127-->[androidx.work:work-runtime:2.4.0] AndroidManifest.xml:62:13-35
128            android:exported="false" />
128-->[androidx.work:work-runtime:2.4.0] AndroidManifest.xml:63:13-37
129        <receiver
129-->[androidx.work:work-runtime:2.4.0] AndroidManifest.xml:65:9-75:20
130            android:name="androidx.work.impl.background.systemalarm.ConstraintProxy$BatteryChargingProxy"
130-->[androidx.work:work-runtime:2.4.0] AndroidManifest.xml:66:13-106
131            android:directBootAware="false"
131-->[androidx.work:work-runtime:2.4.0] AndroidManifest.xml:67:13-44
132            android:enabled="false"
132-->[androidx.work:work-runtime:2.4.0] AndroidManifest.xml:68:13-36
133            android:exported="false" >
133-->[androidx.work:work-runtime:2.4.0] AndroidManifest.xml:69:13-37
134            <intent-filter>
134-->[androidx.work:work-runtime:2.4.0] AndroidManifest.xml:71:13-74:29
135                <action android:name="android.intent.action.ACTION_POWER_CONNECTED" />
135-->[androidx.work:work-runtime:2.4.0] AndroidManifest.xml:72:17-87
135-->[androidx.work:work-runtime:2.4.0] AndroidManifest.xml:72:25-84
136                <action android:name="android.intent.action.ACTION_POWER_DISCONNECTED" />
136-->[androidx.work:work-runtime:2.4.0] AndroidManifest.xml:73:17-90
136-->[androidx.work:work-runtime:2.4.0] AndroidManifest.xml:73:25-87
137            </intent-filter>
138        </receiver>
139        <receiver
139-->[androidx.work:work-runtime:2.4.0] AndroidManifest.xml:76:9-86:20
140            android:name="androidx.work.impl.background.systemalarm.ConstraintProxy$BatteryNotLowProxy"
140-->[androidx.work:work-runtime:2.4.0] AndroidManifest.xml:77:13-104
141            android:directBootAware="false"
141-->[androidx.work:work-runtime:2.4.0] AndroidManifest.xml:78:13-44
142            android:enabled="false"
142-->[androidx.work:work-runtime:2.4.0] AndroidManifest.xml:79:13-36
143            android:exported="false" >
143-->[androidx.work:work-runtime:2.4.0] AndroidManifest.xml:80:13-37
144            <intent-filter>
144-->[androidx.work:work-runtime:2.4.0] AndroidManifest.xml:82:13-85:29
145                <action android:name="android.intent.action.BATTERY_OKAY" />
145-->[androidx.work:work-runtime:2.4.0] AndroidManifest.xml:83:17-77
145-->[androidx.work:work-runtime:2.4.0] AndroidManifest.xml:83:25-74
146                <action android:name="android.intent.action.BATTERY_LOW" />
146-->[androidx.work:work-runtime:2.4.0] AndroidManifest.xml:84:17-76
146-->[androidx.work:work-runtime:2.4.0] AndroidManifest.xml:84:25-73
147            </intent-filter>
148        </receiver>
149        <receiver
149-->[androidx.work:work-runtime:2.4.0] AndroidManifest.xml:87:9-97:20
150            android:name="androidx.work.impl.background.systemalarm.ConstraintProxy$StorageNotLowProxy"
150-->[androidx.work:work-runtime:2.4.0] AndroidManifest.xml:88:13-104
151            android:directBootAware="false"
151-->[androidx.work:work-runtime:2.4.0] AndroidManifest.xml:89:13-44
152            android:enabled="false"
152-->[androidx.work:work-runtime:2.4.0] AndroidManifest.xml:90:13-36
153            android:exported="false" >
153-->[androidx.work:work-runtime:2.4.0] AndroidManifest.xml:91:13-37
154            <intent-filter>
154-->[androidx.work:work-runtime:2.4.0] AndroidManifest.xml:93:13-96:29
155                <action android:name="android.intent.action.DEVICE_STORAGE_LOW" />
155-->[androidx.work:work-runtime:2.4.0] AndroidManifest.xml:94:17-83
155-->[androidx.work:work-runtime:2.4.0] AndroidManifest.xml:94:25-80
156                <action android:name="android.intent.action.DEVICE_STORAGE_OK" />
156-->[androidx.work:work-runtime:2.4.0] AndroidManifest.xml:95:17-82
156-->[androidx.work:work-runtime:2.4.0] AndroidManifest.xml:95:25-79
157            </intent-filter>
158        </receiver>
159        <receiver
159-->[androidx.work:work-runtime:2.4.0] AndroidManifest.xml:98:9-107:20
160            android:name="androidx.work.impl.background.systemalarm.ConstraintProxy$NetworkStateProxy"
160-->[androidx.work:work-runtime:2.4.0] AndroidManifest.xml:99:13-103
161            android:directBootAware="false"
161-->[androidx.work:work-runtime:2.4.0] AndroidManifest.xml:100:13-44
162            android:enabled="false"
162-->[androidx.work:work-runtime:2.4.0] AndroidManifest.xml:101:13-36
163            android:exported="false" >
163-->[androidx.work:work-runtime:2.4.0] AndroidManifest.xml:102:13-37
164            <intent-filter>
164-->[androidx.work:work-runtime:2.4.0] AndroidManifest.xml:104:13-106:29
165                <action android:name="android.net.conn.CONNECTIVITY_CHANGE" />
165-->[androidx.work:work-runtime:2.4.0] AndroidManifest.xml:105:17-79
165-->[androidx.work:work-runtime:2.4.0] AndroidManifest.xml:105:25-76
166            </intent-filter>
167        </receiver>
168        <receiver
168-->[androidx.work:work-runtime:2.4.0] AndroidManifest.xml:108:9-119:20
169            android:name="androidx.work.impl.background.systemalarm.RescheduleReceiver"
169-->[androidx.work:work-runtime:2.4.0] AndroidManifest.xml:109:13-88
170            android:directBootAware="false"
170-->[androidx.work:work-runtime:2.4.0] AndroidManifest.xml:110:13-44
171            android:enabled="false"
171-->[androidx.work:work-runtime:2.4.0] AndroidManifest.xml:111:13-36
172            android:exported="false" >
172-->[androidx.work:work-runtime:2.4.0] AndroidManifest.xml:112:13-37
173            <intent-filter>
173-->[androidx.work:work-runtime:2.4.0] AndroidManifest.xml:114:13-118:29
174                <action android:name="android.intent.action.BOOT_COMPLETED" />
174-->[androidx.work:work-runtime:2.4.0] AndroidManifest.xml:115:17-79
174-->[androidx.work:work-runtime:2.4.0] AndroidManifest.xml:115:25-76
175                <action android:name="android.intent.action.TIME_SET" />
175-->[androidx.work:work-runtime:2.4.0] AndroidManifest.xml:116:17-73
175-->[androidx.work:work-runtime:2.4.0] AndroidManifest.xml:116:25-70
176                <action android:name="android.intent.action.TIMEZONE_CHANGED" />
176-->[androidx.work:work-runtime:2.4.0] AndroidManifest.xml:117:17-81
176-->[androidx.work:work-runtime:2.4.0] AndroidManifest.xml:117:25-78
177            </intent-filter>
178        </receiver>
179        <receiver
179-->[androidx.work:work-runtime:2.4.0] AndroidManifest.xml:120:9-129:20
180            android:name="androidx.work.impl.background.systemalarm.ConstraintProxyUpdateReceiver"
180-->[androidx.work:work-runtime:2.4.0] AndroidManifest.xml:121:13-99
181            android:directBootAware="false"
181-->[androidx.work:work-runtime:2.4.0] AndroidManifest.xml:122:13-44
182            android:enabled="@bool/enable_system_alarm_service_default"
182-->[androidx.work:work-runtime:2.4.0] AndroidManifest.xml:123:13-72
183            android:exported="false" >
183-->[androidx.work:work-runtime:2.4.0] AndroidManifest.xml:124:13-37
184            <intent-filter>
184-->[androidx.work:work-runtime:2.4.0] AndroidManifest.xml:126:13-128:29
185                <action android:name="androidx.work.impl.background.systemalarm.UpdateProxies" />
185-->[androidx.work:work-runtime:2.4.0] AndroidManifest.xml:127:17-98
185-->[androidx.work:work-runtime:2.4.0] AndroidManifest.xml:127:25-95
186            </intent-filter>
187        </receiver>
188        <receiver
188-->[androidx.work:work-runtime:2.4.0] AndroidManifest.xml:130:9-140:20
189            android:name="androidx.work.impl.diagnostics.DiagnosticsReceiver"
189-->[androidx.work:work-runtime:2.4.0] AndroidManifest.xml:131:13-78
190            android:directBootAware="false"
190-->[androidx.work:work-runtime:2.4.0] AndroidManifest.xml:132:13-44
191            android:enabled="true"
191-->[androidx.work:work-runtime:2.4.0] AndroidManifest.xml:133:13-35
192            android:exported="true"
192-->[androidx.work:work-runtime:2.4.0] AndroidManifest.xml:134:13-36
193            android:permission="android.permission.DUMP" >
193-->[androidx.work:work-runtime:2.4.0] AndroidManifest.xml:135:13-57
194            <intent-filter>
194-->[androidx.work:work-runtime:2.4.0] AndroidManifest.xml:137:13-139:29
195                <action android:name="androidx.work.diagnostics.REQUEST_DIAGNOSTICS" />
195-->[androidx.work:work-runtime:2.4.0] AndroidManifest.xml:138:17-88
195-->[androidx.work:work-runtime:2.4.0] AndroidManifest.xml:138:25-85
196            </intent-filter>
197        </receiver>
198
199        <service
199-->[androidx.room:room-runtime:2.2.5] AndroidManifest.xml:25:9-28:40
200            android:name="androidx.room.MultiInstanceInvalidationService"
200-->[androidx.room:room-runtime:2.2.5] AndroidManifest.xml:26:13-74
201            android:directBootAware="true"
201-->[androidx.room:room-runtime:2.2.5] AndroidManifest.xml:27:13-43
202            android:exported="false" /> <!-- Needs to be explicitly declared on P+ -->
202-->[androidx.room:room-runtime:2.2.5] AndroidManifest.xml:28:13-37
203        <uses-library
203-->[com.google.android.gms:play-services-maps:17.0.0] AndroidManifest.xml:33:9-35:40
204            android:name="org.apache.http.legacy"
204-->[com.google.android.gms:play-services-maps:17.0.0] AndroidManifest.xml:34:13-50
205            android:required="false" />
205-->[com.google.android.gms:play-services-maps:17.0.0] AndroidManifest.xml:35:13-37
206
207        <activity
207-->[com.google.android.gms:play-services-base:17.3.0] AndroidManifest.xml:23:9-26:75
208            android:name="com.google.android.gms.common.api.GoogleApiActivity"
208-->[com.google.android.gms:play-services-base:17.3.0] AndroidManifest.xml:24:13-79
209            android:exported="false"
209-->[com.google.android.gms:play-services-base:17.3.0] AndroidManifest.xml:25:13-37
210            android:theme="@android:style/Theme.Translucent.NoTitleBar" />
210-->[com.google.android.gms:play-services-base:17.3.0] AndroidManifest.xml:26:13-72
211
212        <provider
212-->[com.google.firebase:firebase-common:19.3.1] AndroidManifest.xml:26:9-31:39
213            android:name="com.google.firebase.provider.FirebaseInitProvider"
213-->[com.google.firebase:firebase-common:19.3.1] AndroidManifest.xml:27:13-77
214            android:authorities="com.komiut.conductor.firebaseinitprovider"
214-->[com.google.firebase:firebase-common:19.3.1] AndroidManifest.xml:28:13-72
215            android:directBootAware="true"
215-->[com.google.firebase:firebase-common:19.3.1] AndroidManifest.xml:29:13-43
216            android:exported="false"
216-->[com.google.firebase:firebase-common:19.3.1] AndroidManifest.xml:30:13-37
217            android:initOrder="100" />
217-->[com.google.firebase:firebase-common:19.3.1] AndroidManifest.xml:31:13-36
218
219        <receiver
219-->[com.google.android.gms:play-services-measurement:17.6.0] AndroidManifest.xml:29:9-33:20
220            android:name="com.google.android.gms.measurement.AppMeasurementReceiver"
220-->[com.google.android.gms:play-services-measurement:17.6.0] AndroidManifest.xml:30:13-85
221            android:enabled="true"
221-->[com.google.android.gms:play-services-measurement:17.6.0] AndroidManifest.xml:31:13-35
222            android:exported="false" >
222-->[com.google.android.gms:play-services-measurement:17.6.0] AndroidManifest.xml:32:13-37
223        </receiver>
224
225        <service
225-->[com.google.android.gms:play-services-measurement:17.6.0] AndroidManifest.xml:35:9-38:40
226            android:name="com.google.android.gms.measurement.AppMeasurementService"
226-->[com.google.android.gms:play-services-measurement:17.6.0] AndroidManifest.xml:36:13-84
227            android:enabled="true"
227-->[com.google.android.gms:play-services-measurement:17.6.0] AndroidManifest.xml:37:13-35
228            android:exported="false" />
228-->[com.google.android.gms:play-services-measurement:17.6.0] AndroidManifest.xml:38:13-37
229        <service
229-->[com.google.android.gms:play-services-measurement:17.6.0] AndroidManifest.xml:39:9-43:72
230            android:name="com.google.android.gms.measurement.AppMeasurementJobService"
230-->[com.google.android.gms:play-services-measurement:17.6.0] AndroidManifest.xml:40:13-87
231            android:enabled="true"
231-->[com.google.android.gms:play-services-measurement:17.6.0] AndroidManifest.xml:41:13-35
232            android:exported="false"
232-->[com.google.android.gms:play-services-measurement:17.6.0] AndroidManifest.xml:42:13-37
233            android:permission="android.permission.BIND_JOB_SERVICE" />
233-->[com.google.android.gms:play-services-measurement:17.6.0] AndroidManifest.xml:43:13-69
234
235        <meta-data
235-->[com.google.android.gms:play-services-basement:17.3.0] AndroidManifest.xml:23:9-25:69
236            android:name="com.google.android.gms.version"
236-->[com.google.android.gms:play-services-basement:17.3.0] AndroidManifest.xml:24:13-58
237            android:value="@integer/google_play_services_version" />
237-->[com.google.android.gms:play-services-basement:17.3.0] AndroidManifest.xml:25:13-66
238
239        <provider
239-->[androidx.lifecycle:lifecycle-process:2.2.0] AndroidManifest.xml:25:9-29:43
240            android:name="androidx.lifecycle.ProcessLifecycleOwnerInitializer"
240-->[androidx.lifecycle:lifecycle-process:2.2.0] AndroidManifest.xml:26:13-79
241            android:authorities="com.komiut.conductor.lifecycle-process"
241-->[androidx.lifecycle:lifecycle-process:2.2.0] AndroidManifest.xml:27:13-69
242            android:exported="false"
242-->[androidx.lifecycle:lifecycle-process:2.2.0] AndroidManifest.xml:28:13-37
243            android:multiprocess="true" />
243-->[androidx.lifecycle:lifecycle-process:2.2.0] AndroidManifest.xml:29:13-40
244    </application>
245
246</manifest>